# Logfile created on 2014-10-12 08:12:14 +0530 by logger.rb/41954
I, [2014-10-12T08:12:14.052981 #5690]  INFO -- : 0:  blankslate (2.1.2.4) from /Library/Ruby/Gems/2.0.0/specifications/blankslate-2.1.2.4.gemspec
I, [2014-10-12T08:12:31.143753 #5690]  INFO -- : 0:  hitimes (1.2.2) from /Library/Ruby/Gems/2.0.0/specifications/hitimes-1.2.2.gemspec
I, [2014-10-12T08:12:36.541248 #5690]  INFO -- : 0:  timers (4.0.1) from /Library/Ruby/Gems/2.0.0/specifications/timers-4.0.1.gemspec
I, [2014-10-12T08:12:44.836051 #5690]  INFO -- : 0:  celluloid (0.16.0) from /Library/Ruby/Gems/2.0.0/specifications/celluloid-0.16.0.gemspec
I, [2014-10-12T08:12:44.847431 #5690]  INFO -- : 0:  fast-stemmer (1.0.2) from /Library/Ruby/Gems/2.0.0/specifications/fast-stemmer-1.0.2.gemspec
I, [2014-10-12T08:12:49.933586 #5690]  INFO -- : 0:  classifier-reborn (2.0.1) from /Library/Ruby/Gems/2.0.0/specifications/classifier-reborn-2.0.1.gemspec
I, [2014-10-12T08:12:53.634117 #5690]  INFO -- : 0:  coffee-script-source (1.8.0) from /Library/Ruby/Gems/2.0.0/specifications/coffee-script-source-1.8.0.gemspec
I, [2014-10-12T08:12:57.622147 #5690]  INFO -- : 0:  execjs (2.2.1) from /Library/Ruby/Gems/2.0.0/specifications/execjs-2.2.1.gemspec
I, [2014-10-12T08:13:01.890633 #5690]  INFO -- : 0:  coffee-script (2.3.0) from /Library/Ruby/Gems/2.0.0/specifications/coffee-script-2.3.0.gemspec
I, [2014-10-12T08:13:01.893123 #5690]  INFO -- : 0:  colorator (0.1) from /Library/Ruby/Gems/2.0.0/specifications/colorator-0.1.gemspec
I, [2014-10-12T08:13:17.781119 #5690]  INFO -- : 0:  ffi (1.9.6) from /Library/Ruby/Gems/2.0.0/specifications/ffi-1.9.6.gemspec
I, [2014-10-12T08:13:20.075145 #5690]  INFO -- : 0:  jekyll-coffeescript (1.0.1) from /Library/Ruby/Gems/2.0.0/specifications/jekyll-coffeescript-1.0.1.gemspec
I, [2014-10-12T08:13:22.381430 #5690]  INFO -- : 0:  jekyll-gist (1.1.0) from /Library/Ruby/Gems/2.0.0/specifications/jekyll-gist-1.1.0.gemspec
I, [2014-10-12T08:13:24.823309 #5690]  INFO -- : 0:  jekyll-paginate (1.0.0) from /Library/Ruby/Gems/2.0.0/specifications/jekyll-paginate-1.0.0.gemspec
I, [2014-10-12T08:13:29.176138 #5690]  INFO -- : 0:  sass (3.4.5) from /Library/Ruby/Gems/2.0.0/specifications/sass-3.4.5.gemspec
I, [2014-10-12T08:13:31.858454 #5690]  INFO -- : 0:  jekyll-sass-converter (1.2.1) from /Library/Ruby/Gems/2.0.0/specifications/jekyll-sass-converter-1.2.1.gemspec
I, [2014-10-12T08:13:35.108531 #5690]  INFO -- : 0:  rb-fsevent (0.9.4) from /Library/Ruby/Gems/2.0.0/specifications/rb-fsevent-0.9.4.gemspec
I, [2014-10-12T08:13:37.915339 #5690]  INFO -- : 0:  rb-inotify (0.9.5) from /Library/Ruby/Gems/2.0.0/specifications/rb-inotify-0.9.5.gemspec
I, [2014-10-12T08:13:41.001491 #5690]  INFO -- : 0:  listen (2.7.11) from /Library/Ruby/Gems/2.0.0/specifications/listen-2.7.11.gemspec
I, [2014-10-12T08:13:43.875399 #5690]  INFO -- : 0:  jekyll-watch (1.1.1) from /Library/Ruby/Gems/2.0.0/specifications/jekyll-watch-1.1.1.gemspec
I, [2014-10-12T08:13:48.636649 #5690]  INFO -- : 0:  kramdown (1.4.2) from /Library/Ruby/Gems/2.0.0/specifications/kramdown-1.4.2.gemspec
I, [2014-10-12T08:13:51.690147 #5690]  INFO -- : 0:  liquid (2.6.1) from /Library/Ruby/Gems/2.0.0/specifications/liquid-2.6.1.gemspec
I, [2014-10-12T08:13:54.396565 #5690]  INFO -- : 0:  mercenary (0.3.4) from /Library/Ruby/Gems/2.0.0/specifications/mercenary-0.3.4.gemspec
I, [2014-10-12T08:13:57.930782 #5690]  INFO -- : 0:  posix-spawn (0.3.9) from /Library/Ruby/Gems/2.0.0/specifications/posix-spawn-0.3.9.gemspec
I, [2014-10-12T08:13:57.936295 #5690]  INFO -- : 0:  yajl-ruby (1.1.0) from /Library/Ruby/Gems/2.0.0/specifications/yajl-ruby-1.1.0.gemspec
I, [2014-10-12T08:14:10.605451 #5690]  INFO -- : 0:  pygments.rb (0.6.0) from /Library/Ruby/Gems/2.0.0/specifications/pygments.rb-0.6.0.gemspec
I, [2014-10-12T08:14:19.595413 #5690]  INFO -- : 0:  redcarpet (3.1.2) from /Library/Ruby/Gems/2.0.0/specifications/redcarpet-3.1.2.gemspec
I, [2014-10-12T08:14:23.826111 #5690]  INFO -- : 0:  safe_yaml (1.0.4) from /Library/Ruby/Gems/2.0.0/specifications/safe_yaml-1.0.4.gemspec
I, [2014-10-12T08:14:23.832765 #5690]  INFO -- : 0:  parslet (1.5.0) from /Library/Ruby/Gems/2.0.0/specifications/parslet-1.5.0.gemspec
I, [2014-10-12T08:14:26.895681 #5690]  INFO -- : 0:  toml (0.1.1) from /Library/Ruby/Gems/2.0.0/specifications/toml-0.1.1.gemspec
I, [2014-10-12T08:14:30.371866 #5690]  INFO -- : 0:  jekyll (2.4.0) from /Library/Ruby/Gems/2.0.0/specifications/jekyll-2.4.0.gemspec
I, [2014-10-12T08:14:34.773862 #5690]  INFO -- : 0:  jekyll-sitemap (0.6.0) from /Library/Ruby/Gems/2.0.0/specifications/jekyll-sitemap-0.6.0.gemspec
I, [2014-10-12T08:14:38.423865 #5690]  INFO -- : 0:  octopress-hooks (2.2.1) from /Library/Ruby/Gems/2.0.0/specifications/octopress-hooks-2.2.1.gemspec
I, [2014-10-12T08:14:42.592814 #5690]  INFO -- : 0:  octopress-escape-code (1.0.2) from /Library/Ruby/Gems/2.0.0/specifications/octopress-escape-code-1.0.2.gemspec
I, [2014-10-12T08:14:45.754673 #5690]  INFO -- : 0:  octopress-docs (0.0.9) from /Library/Ruby/Gems/2.0.0/specifications/octopress-docs-0.0.9.gemspec
I, [2014-10-12T08:14:48.816635 #5690]  INFO -- : 0:  octopress-deploy (1.0.0) from /Library/Ruby/Gems/2.0.0/specifications/octopress-deploy-1.0.0.gemspec
I, [2014-10-12T08:14:51.657974 #5690]  INFO -- : 0:  titlecase (0.1.1) from /Library/Ruby/Gems/2.0.0/specifications/titlecase-0.1.1.gemspec
I, [2014-10-12T08:14:55.810708 #5690]  INFO -- : 0:  octopress (3.0.0.rc.15) from /Library/Ruby/Gems/2.0.0/specifications/octopress-3.0.0.rc.15.gemspec
I, [2014-10-12T08:14:55.820513 #5690]  INFO -- : 0:  bundler (1.5.0) from /Library/Ruby/Gems/2.0.0/specifications/bundler-1.5.0.gemspec
